<?xml version="1.0" encoding="UTF-8"?>
<!-- Generated by org.testng.reporters.JUnitReportReporter -->
<testsuite hostname="gslb.cisco.com" name="com.verisign.api.sample.GetAccountNameServerList" tests="1" failures="0" timestamp="16 Oct 2015 15:23:37 GMT" time="0.063" errors="0">
  <testcase name="getCustomerNameServerList" time="0.063" classname="com.verisign.api.sample.GetAccountNameServerList"/>
</testsuite> <!-- com.verisign.api.sample.GetAccountNameServerList -->
