<?xml version="1.0" encoding="UTF-8"?>
<!-- Generated by org.testng.reporters.JUnitReportReporter -->
<testsuite hostname="gslb.cisco.com" name="com.verisign.api.sample.CreateSecondaryDomain" tests="1" failures="0" timestamp="16 Oct 2015 15:23:37 GMT" time="0.353" errors="0">
  <testcase name="createSecondaryZone" time="0.353" classname="com.verisign.api.sample.CreateSecondaryDomain"/>
</testsuite> <!-- com.verisign.api.sample.CreateSecondaryDomain -->
